E:\随便玩玩\测试\BITREE\BITREE\DEBUG\VC110.PDB
E:\随便玩玩\测试\BITREE\BITREE\DEBUG\DEMO.OBJ
D:\桌面图标\文档\数据结构实验\编写作业\BITREE\BITREE\DEBUG\DEMO.OBJ
D:\桌面图标\文档\数据结构实验\编写作业\BITREE\BITREE\DEBUG\VC110.PDB
E:\随便玩玩\测试\BITREE\DEBUG\BITREE.ILK
E:\随便玩玩\测试\BITREE\DEBUG\BITREE.EXE
E:\随便玩玩\测试\BITREE\DEBUG\BITREE.PDB
D:\桌面图标\文档\数据结构实验\编写作业\BITREE\DEBUG\BITREE.ILK
D:\桌面图标\文档\数据结构实验\编写作业\BITREE\DEBUG\BITREE.EXE
D:\桌面图标\文档\数据结构实验\编写作业\BITREE\DEBUG\BITREE.PDB
D:\桌面图标\文档\数据结构实验\编写作业\BiTree2\BiTree\Debug\Demo.obj
D:\桌面图标\文档\数据结构实验\编写作业\BiTree2\BiTree\Debug\cl.command.1.tlog
D:\桌面图标\文档\数据结构实验\编写作业\BiTree2\BiTree\Debug\CL.read.1.tlog
D:\桌面图标\文档\数据结构实验\编写作业\BiTree2\BiTree\Debug\CL.write.1.tlog
D:\桌面图标\文档\数据结构实验\编写作业\BiTree2\BiTree\Debug\link-cvtres.read.1.tlog
D:\桌面图标\文档\数据结构实验\编写作业\BiTree2\BiTree\Debug\link-cvtres.write.1.tlog
D:\桌面图标\文档\数据结构实验\编写作业\BiTree2\BiTree\Debug\link-rc.read.1.tlog
D:\桌面图标\文档\数据结构实验\编写作业\BiTree2\BiTree\Debug\link-rc.write.1.tlog
D:\桌面图标\文档\数据结构实验\编写作业\BiTree2\BiTree\Debug\link.17400-cvtres.read.1.tlog
D:\桌面图标\文档\数据结构实验\编写作业\BiTree2\BiTree\Debug\link.17400-cvtres.write.1.tlog
D:\桌面图标\文档\数据结构实验\编写作业\BiTree2\BiTree\Debug\link.17400-rc.read.1.tlog
D:\桌面图标\文档\数据结构实验\编写作业\BiTree2\BiTree\Debug\link.17400-rc.write.1.tlog
D:\桌面图标\文档\数据结构实验\编写作业\BiTree2\BiTree\Debug\link.17400.read.1.tlog
D:\桌面图标\文档\数据结构实验\编写作业\BiTree2\BiTree\Debug\link.17400.write.1.tlog
D:\桌面图标\文档\数据结构实验\编写作业\BiTree2\BiTree\Debug\link.command.1.tlog
D:\桌面图标\文档\数据结构实验\编写作业\BiTree2\BiTree\Debug\link.read.1.tlog
D:\桌面图标\文档\数据结构实验\编写作业\BiTree2\BiTree\Debug\link.write.1.tlog
D:\桌面图标\文档\数据结构实验\编写作业\BiTree2\BiTree\Debug\vc110.idb
D:\桌面图标\文档\数据结构实验\编写作业\BiTree2\BiTree\Debug\vc110.pdb
D:\桌面图标\文档\数据结构实验\编写作业\BiTree2\Debug\BiTree.pdb
D:\桌面图标\文档\数据结构实验\编写作业\BiTree2\Debug\BiTree.exe
D:\桌面图标\文档\数据结构实验\编写作业\BiTree2\Debug\BiTree.ilk
